2025-12-10 (09:17:17) -->  PaksDatabase initialized
2025-12-10 (10:12:08) -->  PaksDatabase initialized
2025-12-10 (10:16:58) -->  PaksDatabase initialized
2025-12-10 (10:16:58) -->  PaksDatabase initialized
2025-12-10 (11:03:16) -->  PaksDatabase initialized
2025-12-10 (11:09:32) -->  PaksDatabase initialized
2025-12-10 (11:10:07) -->  PaksDatabase initialized
2025-12-10 (11:10:07) -->  Fingerprint Sensor Init Exception: -900
   konum: Aratek.TrustFinger.TrustFingerDevice.Open(Int32 deviceIndex)
2025-12-10 (11:10:12) -->  PaksDatabase initialized
2025-12-10 (11:10:12) -->  Fingerprint Sensor Init Exception: -900
   konum: Aratek.TrustFinger.TrustFingerDevice.Open(Int32 deviceIndex)
2025-12-10 (11:10:27) -->  PaksDatabase initialized
2025-12-10 (11:10:27) -->  Fingerprint Sensor Init Exception: -900
   konum: Aratek.TrustFinger.TrustFingerDevice.Open(Int32 deviceIndex)
2025-12-10 (11:10:27) -->  PaksDatabase initialized
2025-12-10 (11:11:27) -->  Laravel schedule:run komutu çalýþtýrýlýyor...
2025-12-10 (11:11:27) -->  Laravel scheduler hatasý: php bulunamadý - PATH kontrol edin
2025-12-10 (11:12:27) -->  Laravel schedule:run komutu çalýþtýrýlýyor...
2025-12-10 (11:12:27) -->  Laravel scheduler hatasý: php bulunamadý - PATH kontrol edin
2025-12-10 (11:13:27) -->  Laravel schedule:run komutu çalýþtýrýlýyor...
2025-12-10 (11:13:27) -->  Laravel scheduler hatasý: php bulunamadý - PATH kontrol edin
2025-12-10 (11:14:27) -->  Laravel schedule:run komutu çalýþtýrýlýyor...
2025-12-10 (11:14:27) -->  Laravel scheduler hatasý: php bulunamadý - PATH kontrol edin
2025-12-10 (11:15:27) -->  Laravel schedule:run komutu çalýþtýrýlýyor...
2025-12-10 (11:15:27) -->  Laravel scheduler hatasý: php bulunamadý - PATH kontrol edin
2025-12-10 (11:16:27) -->  Laravel schedule:run komutu çalýþtýrýlýyor...
2025-12-10 (11:16:27) -->  Laravel scheduler hatasý: php bulunamadý - PATH kontrol edin
2025-12-10 (11:17:28) -->  Laravel schedule:run komutu çalýþtýrýlýyor...
2025-12-10 (11:17:28) -->  Laravel scheduler hatasý: php bulunamadý - PATH kontrol edin
2025-12-10 (11:18:28) -->  Laravel schedule:run komutu çalýþtýrýlýyor...
2025-12-10 (11:18:28) -->  Laravel scheduler hatasý: php bulunamadý - PATH kontrol edin
2025-12-10 (11:19:28) -->  Laravel schedule:run komutu çalýþtýrýlýyor...
2025-12-10 (11:19:28) -->  Laravel scheduler hatasý: php bulunamadý - PATH kontrol edin
2025-12-10 (11:20:29) -->  Fingerprint Sensor Init Exception: -900
   konum: Aratek.TrustFinger.TrustFingerDevice.Open(Int32 deviceIndex)
2025-12-10 (11:20:29) -->  Check fingerprint module exception: is_device_open() missing 1 required positional argument: 'dev'
2025-12-10 (11:20:29) -->  Skipped fp_module control due to the lock
2025-12-10 (11:20:37) -->  Laravel schedule:run komutu çalýþtýrýlýyor...
2025-12-10 (11:20:37) -->  Laravel scheduler hatasý: php bulunamadý - PATH kontrol edin
2025-12-10 (11:21:37) -->  Laravel schedule:run komutu çalýþtýrýlýyor...
2025-12-10 (11:21:37) -->  Laravel scheduler hatasý: php bulunamadý - PATH kontrol edin
2025-12-10 (11:22:37) -->  Laravel schedule:run komutu çalýþtýrýlýyor...
2025-12-10 (11:22:37) -->  Laravel scheduler hatasý: php bulunamadý - PATH kontrol edin
2025-12-10 (11:23:37) -->  Laravel schedule:run komutu çalýþtýrýlýyor...
2025-12-10 (11:23:37) -->  Laravel scheduler hatasý: php bulunamadý - PATH kontrol edin
2025-12-10 (11:24:37) -->  Laravel schedule:run komutu çalýþtýrýlýyor...
2025-12-10 (11:24:37) -->  Laravel scheduler hatasý: php bulunamadý - PATH kontrol edin
2025-12-10 (11:25:37) -->  Laravel schedule:run komutu çalýþtýrýlýyor...
2025-12-10 (11:25:37) -->  Laravel scheduler hatasý: php bulunamadý - PATH kontrol edin
2025-12-10 (11:26:37) -->  Laravel schedule:run komutu çalýþtýrýlýyor...
2025-12-10 (11:26:37) -->  Laravel scheduler hatasý: php bulunamadý - PATH kontrol edin
2025-12-10 (11:27:37) -->  Laravel schedule:run komutu çalýþtýrýlýyor...
2025-12-10 (11:27:37) -->  Laravel scheduler hatasý: php bulunamadý - PATH kontrol edin
2025-12-10 (11:28:37) -->  Laravel schedule:run komutu çalýþtýrýlýyor...
2025-12-10 (11:28:37) -->  Laravel scheduler hatasý: php bulunamadý - PATH kontrol edin
2025-12-10 (11:29:37) -->  Laravel schedule:run komutu çalýþtýrýlýyor...
2025-12-10 (11:29:37) -->  Laravel scheduler hatasý: php bulunamadý - PATH kontrol edin
